[0m07:34:29.944766 [debug] [MainThread]: Sending event: {'category': 'dbt', 'action': 'invocation', 'label': 'start', 'context': [<snowplow_tracker.self_describing_json.SelfDescribingJson object at 0x106617400>, <snowplow_tracker.self_describing_json.SelfDescribingJson object at 0x108127c10>, <snowplow_tracker.self_describing_json.SelfDescribingJson object at 0x108127670>]}


============================== 07:34:29.947304 | 26a50c78-4bf5-4e63-8364-2072954fd21f ==============================
[0m07:34:29.947304 [info ] [MainThread]: Running with dbt=1.7.14
[0m07:34:29.947642 [debug] [MainThread]: running dbt with arguments {'printer_width': '80', 'indirect_selection': 'eager', 'write_json': 'True', 'log_cache_events': 'False', 'partial_parse': 'True', 'cache_selected_only': 'False', 'warn_error': 'None', 'debug': 'False', 'version_check': 'True', 'log_path': 'logs', 'fail_fast': 'False', 'profiles_dir': '/Users/manhar.seewooth/.dbt', 'use_colors': 'True', 'use_experimental_parser': 'False', 'no_print': 'None', 'quiet': 'False', 'log_format': 'default', 'static_parser': 'True', 'introspect': 'True', 'invocation_command': 'dbt init dbt_learn', 'target_path': 'None', 'warn_error_options': 'WarnErrorOptions(include=[], exclude=[])', 'send_anonymous_usage_stats': 'True'}
[0m07:34:29.948156 [debug] [MainThread]: Starter project path: /Users/manhar.seewooth/atc/git/dbt_learn/dbt-env/lib/python3.9/site-packages/dbt/include/starter_project
[0m07:34:29.951691 [info ] [MainThread]: 
Your new dbt project "dbt_learn" was created!

For more information on how to configure the profiles.yml file,
please consult the dbt documentation here:

  https://docs.getdbt.com/docs/configure-your-profile

One more thing:

Need help? Don't hesitate to reach out to us via GitHub issues or on Slack:

  https://community.getdbt.com/

Happy modeling!

[0m07:34:29.951913 [info ] [MainThread]: Setting up your profile.
[0m07:34:44.578743 [debug] [MainThread]: Resource report: {"command_name": "init", "command_success": true, "command_wall_clock_time": 14.66837, "process_user_time": 1.078289, "process_kernel_time": 0.085812, "process_mem_max_rss": "109395968", "process_in_blocks": "0", "process_out_blocks": "0"}
[0m07:34:44.579148 [debug] [MainThread]: Command `dbt init` succeeded at 07:34:44.579063 after 14.67 seconds
[0m07:34:44.579366 [debug] [MainThread]: Sending event: {'category': 'dbt', 'action': 'invocation', 'label': 'end', 'context': [<snowplow_tracker.self_describing_json.SelfDescribingJson object at 0x106617400>, <snowplow_tracker.self_describing_json.SelfDescribingJson object at 0x108156b20>, <snowplow_tracker.self_describing_json.SelfDescribingJson object at 0x1080f2c10>]}
[0m07:34:44.579580 [debug] [MainThread]: Flushing usage events
[0m15:46:29.056862 [debug] [MainThread]: Sending event: {'category': 'dbt', 'action': 'invocation', 'label': 'start', 'context': [<snowplow_tracker.self_describing_json.SelfDescribingJson object at 0x10495b3a0>, <snowplow_tracker.self_describing_json.SelfDescribingJson object at 0x106690520>, <snowplow_tracker.self_describing_json.SelfDescribingJson object at 0x1066b2550>]}


============================== 15:46:29.060607 | bcf93dd5-0461-4913-a287-5452e210a8d6 ==============================
[0m15:46:29.060607 [info ] [MainThread]: Running with dbt=1.7.14
[0m15:46:29.061020 [debug] [MainThread]: running dbt with arguments {'printer_width': '80', 'indirect_selection': 'eager', 'log_cache_events': 'False', 'write_json': 'True', 'partial_parse': 'True', 'cache_selected_only': 'False', 'warn_error': 'None', 'debug': 'False', 'profiles_dir': '/Users/manhar.seewooth/.dbt', 'log_path': 'logs', 'fail_fast': 'False', 'version_check': 'True', 'use_colors': 'True', 'use_experimental_parser': 'False', 'no_print': 'None', 'quiet': 'False', 'log_format': 'default', 'static_parser': 'True', 'invocation_command': 'dbt debug', 'warn_error_options': 'WarnErrorOptions(include=[], exclude=[])', 'target_path': 'None', 'introspect': 'True', 'send_anonymous_usage_stats': 'True'}
[0m15:46:29.061408 [info ] [MainThread]: dbt version: 1.7.14
[0m15:46:29.061607 [info ] [MainThread]: python version: 3.9.6
[0m15:46:29.061775 [info ] [MainThread]: python path: /Users/manhar.seewooth/atc/git/dbt_learn/dbt-env/bin/python3
[0m15:46:29.061937 [info ] [MainThread]: os info: macOS-14.6.1-arm64-arm-64bit
[0m15:46:29.212906 [info ] [MainThread]: Using profiles dir at /Users/manhar.seewooth/.dbt
[0m15:46:29.213239 [info ] [MainThread]: Using profiles.yml file at /Users/manhar.seewooth/.dbt/profiles.yml
[0m15:46:29.213448 [info ] [MainThread]: Using dbt_project.yml file at /Users/manhar.seewooth/atc/git/dbt_learn/dbt_project.yml
[0m15:46:29.214012 [info ] [MainThread]: adapter type: duckdb
[0m15:46:29.214234 [info ] [MainThread]: adapter version: 1.7.4
[0m15:46:29.214435 [info ] [MainThread]: Configuration:
[0m15:46:29.214607 [info ] [MainThread]:   profiles.yml file [[32mOK found and valid[0m]
[0m15:46:29.214777 [info ] [MainThread]:   dbt_project.yml file [[31mERROR not found[0m]
[0m15:46:29.214956 [info ] [MainThread]: Required dependencies:
[0m15:46:29.215171 [debug] [MainThread]: Executing "git --help"
[0m15:46:29.235283 [debug] [MainThread]: STDOUT: "b"usage: git [-v | --version] [-h | --help] [-C <path>] [-c <name>=<value>]\n           [--exec-path[=<path>]] [--html-path] [--man-path] [--info-path]\n           [-p | --paginate | -P | --no-pager] [--no-replace-objects] [--bare]\n           [--git-dir=<path>] [--work-tree=<path>] [--namespace=<name>]\n           [--super-prefix=<path>] [--config-env=<name>=<envvar>]\n           <command> [<args>]\n\nThese are common Git commands used in various situations:\n\nstart a working area (see also: git help tutorial)\n   clone     Clone a repository into a new directory\n   init      Create an empty Git repository or reinitialize an existing one\n\nwork on the current change (see also: git help everyday)\n   add       Add file contents to the index\n   mv        Move or rename a file, a directory, or a symlink\n   restore   Restore working tree files\n   rm        Remove files from the working tree and from the index\n\nexamine the history and state (see also: git help revisions)\n   bisect    Use binary search to find the commit that introduced a bug\n   diff      Show changes between commits, commit and working tree, etc\n   grep      Print lines matching a pattern\n   log       Show commit logs\n   show      Show various types of objects\n   status    Show the working tree status\n\ngrow, mark and tweak your common history\n   branch    List, create, or delete branches\n   commit    Record changes to the repository\n   merge     Join two or more development histories together\n   rebase    Reapply commits on top of another base tip\n   reset     Reset current HEAD to the specified state\n   switch    Switch branches\n   tag       Create, list, delete or verify a tag object signed with GPG\n\ncollaborate (see also: git help workflows)\n   fetch     Download objects and refs from another repository\n   pull      Fetch from and integrate with another repository or a local branch\n   push      Update remote refs along with associated objects\n\n'git help -a' and 'git help -g' list available subcommands and some\nconcept guides. See 'git help <command>' or 'git help <concept>'\nto read about a specific subcommand or concept.\nSee 'git help git' for an overview of the system.\n""
[0m15:46:29.235854 [debug] [MainThread]: STDERR: "b''"
[0m15:46:29.236090 [info ] [MainThread]:  - git [[32mOK found[0m]

[0m15:46:29.236309 [info ] [MainThread]: Connection:
[0m15:46:29.236539 [info ] [MainThread]:   database: dev
[0m15:46:29.236709 [info ] [MainThread]:   schema: main
[0m15:46:29.236874 [info ] [MainThread]:   path: dev.duckdb
[0m15:46:29.237041 [info ] [MainThread]:   config_options: None
[0m15:46:29.237209 [info ] [MainThread]:   extensions: None
[0m15:46:29.237373 [info ] [MainThread]:   settings: None
[0m15:46:29.237528 [info ] [MainThread]:   external_root: .
[0m15:46:29.237699 [info ] [MainThread]:   use_credential_provider: None
[0m15:46:29.237861 [info ] [MainThread]:   attach: None
[0m15:46:29.238031 [info ] [MainThread]:   filesystems: None
[0m15:46:29.238193 [info ] [MainThread]:   remote: None
[0m15:46:29.238421 [info ] [MainThread]:   plugins: None
[0m15:46:29.238657 [info ] [MainThread]:   disable_transactions: False
[0m15:46:29.238983 [info ] [MainThread]: Registered adapter: duckdb=1.7.4
[0m15:46:29.282092 [debug] [MainThread]: Acquiring new duckdb connection 'debug'
[0m15:46:29.283058 [debug] [MainThread]: Using duckdb connection "debug"
[0m15:46:29.283308 [debug] [MainThread]: On debug: select 1 as id
[0m15:46:29.283513 [debug] [MainThread]: Opening a new connection, currently in state init
[0m15:46:29.300567 [debug] [MainThread]: SQL status: OK in 0.0 seconds
[0m15:46:29.301512 [debug] [MainThread]: On debug: Close
[0m15:46:29.302781 [info ] [MainThread]:   Connection test: [[32mOK connection ok[0m]

[0m15:46:29.303010 [info ] [MainThread]: [31m1 check failed:[0m
[0m15:46:29.303189 [info ] [MainThread]: Project loading failed for the following reason:
 project path </Users/manhar.seewooth/atc/git/dbt_learn/dbt_project.yml> not found

[0m15:46:29.313739 [debug] [MainThread]: Resource report: {"command_name": "debug", "command_wall_clock_time": 0.29643455, "process_user_time": 1.139894, "process_kernel_time": 0.133044, "process_mem_max_rss": "111443968", "command_success": false, "process_in_blocks": "0", "process_out_blocks": "0"}
[0m15:46:29.314350 [debug] [MainThread]: Command `dbt debug` failed at 15:46:29.314239 after 0.30 seconds
[0m15:46:29.314779 [debug] [MainThread]: Connection 'debug' was properly closed.
[0m15:46:29.315125 [debug] [MainThread]: Sending event: {'category': 'dbt', 'action': 'invocation', 'label': 'end', 'context': [<snowplow_tracker.self_describing_json.SelfDescribingJson object at 0x10495b3a0>, <snowplow_tracker.self_describing_json.SelfDescribingJson object at 0x1067df4f0>, <snowplow_tracker.self_describing_json.SelfDescribingJson object at 0x1067dff40>]}
[0m15:46:29.315456 [debug] [MainThread]: Flushing usage events
